INFO:     Started server process [43618]
INFO:     Waiting for application startup.
INFO:     Application startup complete.
INFO:     Uvicorn running on http://127.0.0.1:8000 (Press CTRL+C to quit)
INFO:     127.0.0.1:56556 - "GET / HTTP/1.1" 500 Internal Server Error
ERROR:    Exception in ASGI application
Traceback (most recent call last):
  File "/home/dbalicky/is601_projects/assignment11/venv/lib/python3.10/site-packages/uvicorn/protocols/http/h11_impl.py", line 406, in run_asgi
    result = await app(  # type: ignore[func-returns-value]
  File "/home/dbalicky/is601_projects/assignment11/venv/lib/python3.10/site-packages/uvicorn/middleware/proxy_headers.py", line 60, in __call__
    return await self.app(scope, receive, send)
  File "/home/dbalicky/is601_projects/assignment11/venv/lib/python3.10/site-packages/fastapi/applications.py", line 1163, in __call__
    await super().__call__(scope, receive, send)
  File "/home/dbalicky/is601_projects/assignment11/venv/lib/python3.10/site-packages/starlette/applications.py", line 90, in __call__
    await self.middleware_stack(scope, receive, send)
  File "/home/dbalicky/is601_projects/assignment11/venv/lib/python3.10/site-packages/starlette/middleware/errors.py", line 186, in __call__
    raise exc
  File "/home/dbalicky/is601_projects/assignment11/venv/lib/python3.10/site-packages/starlette/middleware/errors.py", line 164, in __call__
    await self.app(scope, receive, _send)
  File "/home/dbalicky/is601_projects/assignment11/venv/lib/python3.10/site-packages/starlette/middleware/exceptions.py", line 63, in __call__
    await wrap_app_handling_exceptions(self.app, conn)(scope, receive, send)
  File "/home/dbalicky/is601_projects/assignment11/venv/lib/python3.10/site-packages/starlette/_exception_handler.py", line 53, in wrapped_app
    raise exc
  File "/home/dbalicky/is601_projects/assignment11/venv/lib/python3.10/site-packages/starlette/_exception_handler.py", line 42, in wrapped_app
    await app(scope, receive, sender)
  File "/home/dbalicky/is601_projects/assignment11/venv/lib/python3.10/site-packages/fastapi/middleware/asyncexitstack.py", line 18, in __call__
    await self.app(scope, receive, send)
  File "/home/dbalicky/is601_projects/assignment11/venv/lib/python3.10/site-packages/starlette/routing.py", line 660, in __call__
    await self.middleware_stack(scope, receive, send)
  File "/home/dbalicky/is601_projects/assignment11/venv/lib/python3.10/site-packages/fastapi/routing.py", line 2683, in app
    await route.handle(scope, receive, send)
  File "/home/dbalicky/is601_projects/assignment11/venv/lib/python3.10/site-packages/fastapi/routing.py", line 1266, in handle
    await super().handle(scope, receive, send)
  File "/home/dbalicky/is601_projects/assignment11/venv/lib/python3.10/site-packages/starlette/routing.py", line 276, in handle
    await self.app(scope, receive, send)
  File "/home/dbalicky/is601_projects/assignment11/venv/lib/python3.10/site-packages/fastapi/routing.py", line 150, in app
    await wrap_app_handling_exceptions(app, request)(scope, receive, send)
  File "/home/dbalicky/is601_projects/assignment11/venv/lib/python3.10/site-packages/starlette/_exception_handler.py", line 53, in wrapped_app
    raise exc
  File "/home/dbalicky/is601_projects/assignment11/venv/lib/python3.10/site-packages/starlette/_exception_handler.py", line 42, in wrapped_app
    await app(scope, receive, sender)
  File "/home/dbalicky/is601_projects/assignment11/venv/lib/python3.10/site-packages/fastapi/routing.py", line 136, in app
    response = await f(request)
  File "/home/dbalicky/is601_projects/assignment11/venv/lib/python3.10/site-packages/fastapi/routing.py", line 690, in app
    raw_response = await run_endpoint_function(
  File "/home/dbalicky/is601_projects/assignment11/venv/lib/python3.10/site-packages/fastapi/routing.py", line 344, in run_endpoint_function
    return await dependant.call(**values)
  File "/home/dbalicky/is601_projects/assignment11/main.py", line 64, in read_root
    return templates.TemplateResponse("index.html", {"request": request})
  File "/home/dbalicky/is601_projects/assignment11/venv/lib/python3.10/site-packages/starlette/templating.py", line 148, in TemplateResponse
    template = self.get_template(name)
  File "/home/dbalicky/is601_projects/assignment11/venv/lib/python3.10/site-packages/starlette/templating.py", line 115, in get_template
    return self.env.get_template(name)
  File "/home/dbalicky/is601_projects/assignment11/venv/lib/python3.10/site-packages/jinja2/environment.py", line 1013, in get_template
    return self._load_template(name, globals)
  File "/home/dbalicky/is601_projects/assignment11/venv/lib/python3.10/site-packages/jinja2/environment.py", line 961, in _load_template
    template = self.cache.get(cache_key)
  File "/home/dbalicky/is601_projects/assignment11/venv/lib/python3.10/site-packages/jinja2/utils.py", line 466, in get
    return self[key]
  File "/home/dbalicky/is601_projects/assignment11/venv/lib/python3.10/site-packages/jinja2/utils.py", line 504, in __getitem__
    rv = self._mapping[key]
TypeError: unhashable type: 'dict'
INFO:     127.0.0.1:56564 - "GET /favicon.ico HTTP/1.1" 404 Not Found
